CRITICAL - 2022-07-05 02:46:32 --> syntax error, unexpected '<'
#0 /srv/webbmd/system/View/View.php(213): CodeIgniter\View\View->CodeIgniter\View\{closure}()
#1 /srv/webbmd/system/Common.php(1089): CodeIgniter\View\View->render()
#2 /srv/webbmd/app/Controllers/Identity.php(34): view()
#3 /srv/webbmd/system/CodeIgniter.php(832): App\Controllers\Identity->signin_step1()
#4 /srv/webbmd/system/CodeIgniter.php(419): CodeIgniter\CodeIgniter->runController()
#5 /srv/webbmd/system/CodeIgniter.php(326): CodeIgniter\CodeIgniter->handleRequest()
#6 /srv/webbmd/public/index.php(45): CodeIgniter\CodeIgniter->run()
#7 {main}
CRITICAL - 2022-07-05 10:04:23 --> array_push() expects parameter 1 to be array, null given
#0 [internal function]: CodeIgniter\Debug\Exceptions->errorHandler()
#1 /srv/webbmd/app/Helpers/common_helper.php(104): array_push()
#2 /srv/webbmd/app/Controllers/Transcribe.php(56): load_variables()
#3 /srv/webbmd/system/CodeIgniter.php(832): App\Controllers\Transcribe->transcribe_step1()
#4 /srv/webbmd/system/CodeIgniter.php(419): CodeIgniter\CodeIgniter->runController()
#5 /srv/webbmd/system/CodeIgniter.php(326): CodeIgniter\CodeIgniter->handleRequest()
#6 /srv/webbmd/public/index.php(45): CodeIgniter\CodeIgniter->run()
#7 {main}
CRITICAL - 2022-07-05 10:07:08 --> array_push() expects parameter 1 to be array, int given
#0 [internal function]: CodeIgniter\Debug\Exceptions->errorHandler()
#1 /srv/webbmd/app/Helpers/common_helper.php(105): array_push()
#2 /srv/webbmd/app/Controllers/Transcribe.php(56): load_variables()
#3 /srv/webbmd/system/CodeIgniter.php(832): App\Controllers\Transcribe->transcribe_step1()
#4 /srv/webbmd/system/CodeIgniter.php(419): CodeIgniter\CodeIgniter->runController()
#5 /srv/webbmd/system/CodeIgniter.php(326): CodeIgniter\CodeIgniter->handleRequest()
#6 /srv/webbmd/public/index.php(45): CodeIgniter\CodeIgniter->run()
#7 {main}
CRITICAL - 2022-07-05 10:09:12 --> array_push() expects parameter 1 to be array, int given
#0 [internal function]: CodeIgniter\Debug\Exceptions->errorHandler()
#1 /srv/webbmd/app/Helpers/common_helper.php(105): array_push()
#2 /srv/webbmd/app/Controllers/Transcribe.php(56): load_variables()
#3 /srv/webbmd/system/CodeIgniter.php(832): App\Controllers\Transcribe->transcribe_step1()
#4 /srv/webbmd/system/CodeIgniter.php(419): CodeIgniter\CodeIgniter->runController()
#5 /srv/webbmd/system/CodeIgniter.php(326): CodeIgniter\CodeIgniter->handleRequest()
#6 /srv/webbmd/public/index.php(45): CodeIgniter\CodeIgniter->run()
#7 {main}
CRITICAL - 2022-07-05 10:09:18 --> array_push() expects parameter 1 to be array, int given
#0 [internal function]: CodeIgniter\Debug\Exceptions->errorHandler()
#1 /srv/webbmd/app/Helpers/common_helper.php(105): array_push()
#2 /srv/webbmd/app/Controllers/Transcribe.php(56): load_variables()
#3 /srv/webbmd/system/CodeIgniter.php(832): App\Controllers\Transcribe->transcribe_step1()
#4 /srv/webbmd/system/CodeIgniter.php(419): CodeIgniter\CodeIgniter->runController()
#5 /srv/webbmd/system/CodeIgniter.php(326): CodeIgniter\CodeIgniter->handleRequest()
#6 /srv/webbmd/public/index.php(45): CodeIgniter\CodeIgniter->run()
#7 {main}
CRITICAL - 2022-07-05 10:14:59 --> array_push() expects parameter 1 to be array, int given
#0 [internal function]: CodeIgniter\Debug\Exceptions->errorHandler()
#1 /srv/webbmd/app/Helpers/common_helper.php(105): array_push()
#2 /srv/webbmd/app/Controllers/Transcribe.php(56): load_variables()
#3 /srv/webbmd/system/CodeIgniter.php(832): App\Controllers\Transcribe->transcribe_step1()
#4 /srv/webbmd/system/CodeIgniter.php(419): CodeIgniter\CodeIgniter->runController()
#5 /srv/webbmd/system/CodeIgniter.php(326): CodeIgniter\CodeIgniter->handleRequest()
#6 /srv/webbmd/public/index.php(45): CodeIgniter\CodeIgniter->run()
#7 {main}
CRITICAL - 2022-07-05 10:16:45 --> syntax error, unexpected ')'
#0 /srv/webbmd/app/Controllers/Transcribe.php(28): helper()
#1 /srv/webbmd/system/CodeIgniter.php(809): App\Controllers\Transcribe->__construct()
#2 /srv/webbmd/system/CodeIgniter.php(410): CodeIgniter\CodeIgniter->createController()
#3 /srv/webbmd/system/CodeIgniter.php(326): CodeIgniter\CodeIgniter->handleRequest()
#4 /srv/webbmd/public/index.php(45): CodeIgniter\CodeIgniter->run()
#5 {main}
CRITICAL - 2022-07-05 10:49:46 --> syntax error, unexpected ';', expecting ')'
#0 /srv/webbmd/system/View/View.php(213): CodeIgniter\View\View->CodeIgniter\View\{closure}()
#1 /srv/webbmd/system/Common.php(1089): CodeIgniter\View\View->render()
#2 /srv/webbmd/app/Helpers/transcribe_helper.php(396): view()
#3 /srv/webbmd/app/Controllers/Births.php(38): App\Controllers\transcribe_show_step1()
#4 /srv/webbmd/system/CodeIgniter.php(832): App\Controllers\Births->transcribe_births_step1()
#5 /srv/webbmd/system/CodeIgniter.php(419): CodeIgniter\CodeIgniter->runController()
#6 /srv/webbmd/system/CodeIgniter.php(326): CodeIgniter\CodeIgniter->handleRequest()
#7 /srv/webbmd/public/index.php(45): CodeIgniter\CodeIgniter->run()
#8 {main}
