CRITICAL - 2022-04-21 03:30:52 --> syntax error, unexpected ';', expecting ')'
#0 /srv/webbmd/system/Autoloader/Autoloader.php(241): CodeIgniter\Autoloader\Autoloader->includeFile()
#1 /srv/webbmd/system/Autoloader/Autoloader.php(219): CodeIgniter\Autoloader\Autoloader->loadInNamespace()
#2 [internal function]: CodeIgniter\Autoloader\Autoloader->loadClass()
#3 [internal function]: spl_autoload_call()
#4 /srv/webbmd/system/CodeIgniter.php(797): class_exists()
#5 /srv/webbmd/system/CodeIgniter.php(406): CodeIgniter\CodeIgniter->startController()
#6 /srv/webbmd/system/CodeIgniter.php(326): CodeIgniter\CodeIgniter->handleRequest()
#7 /srv/webbmd/public/index.php(45): CodeIgniter\CodeIgniter->run()
#8 {main}
CRITICAL - 2022-04-21 03:55:59 --> Array to string conversion
#0 /srv/webbmd/app/Helpers/backup_helper.php(10): CodeIgniter\Debug\Exceptions->errorHandler()
#1 /srv/webbmd/app/Controllers/Home.php(52): App\Controllers\database_backup()
#2 /srv/webbmd/system/CodeIgniter.php(832): App\Controllers\Home->signout()
#3 /srv/webbmd/system/CodeIgniter.php(419): CodeIgniter\CodeIgniter->runController()
#4 /srv/webbmd/system/CodeIgniter.php(326): CodeIgniter\CodeIgniter->handleRequest()
#5 /srv/webbmd/public/index.php(45): CodeIgniter\CodeIgniter->run()
#6 {main}
CRITICAL - 2022-04-21 03:57:01 --> Trying to access array offset on value of type null
#0 /srv/webbmd/app/Helpers/backup_helper.php(8): CodeIgniter\Debug\Exceptions->errorHandler()
#1 /srv/webbmd/app/Controllers/Home.php(52): App\Controllers\database_backup()
#2 /srv/webbmd/system/CodeIgniter.php(832): App\Controllers\Home->signout()
#3 /srv/webbmd/system/CodeIgniter.php(419): CodeIgniter\CodeIgniter->runController()
#4 /srv/webbmd/system/CodeIgniter.php(326): CodeIgniter\CodeIgniter->handleRequest()
#5 /srv/webbmd/public/index.php(45): CodeIgniter\CodeIgniter->run()
#6 {main}
CRITICAL - 2022-04-21 06:39:15 --> syntax error, unexpected '='
#0 /srv/webbmd/app/Controllers/Births.php(19): helper()
#1 /srv/webbmd/system/CodeIgniter.php(809): App\Controllers\Births->__construct()
#2 /srv/webbmd/system/CodeIgniter.php(410): CodeIgniter\CodeIgniter->createController()
#3 /srv/webbmd/system/CodeIgniter.php(326): CodeIgniter\CodeIgniter->handleRequest()
#4 /srv/webbmd/public/index.php(45): CodeIgniter\CodeIgniter->run()
#5 {main}
CRITICAL - 2022-04-21 10:18:37 --> Trying to access array offset on value of type null
#0 /srv/webbmd/app/Helpers/transcribe_helper.php(242): CodeIgniter\Debug\Exceptions->errorHandler()
#1 /srv/webbmd/app/Controllers/Births.php(25): App\Controllers\transcribe_initialise_step1()
#2 /srv/webbmd/system/CodeIgniter.php(832): App\Controllers\Births->transcribe_births_step1()
#3 /srv/webbmd/system/CodeIgniter.php(419): CodeIgniter\CodeIgniter->runController()
#4 /srv/webbmd/system/CodeIgniter.php(326): CodeIgniter\CodeIgniter->handleRequest()
#5 /srv/webbmd/public/index.php(45): CodeIgniter\CodeIgniter->run()
#6 {main}
CRITICAL - 2022-04-21 10:21:49 --> syntax error, unexpected 'BMD_scan_name' (T_STRING)
#0 /srv/webbmd/app/Controllers/Births.php(19): helper()
#1 /srv/webbmd/system/CodeIgniter.php(809): App\Controllers\Births->__construct()
#2 /srv/webbmd/system/CodeIgniter.php(410): CodeIgniter\CodeIgniter->createController()
#3 /srv/webbmd/system/CodeIgniter.php(326): CodeIgniter\CodeIgniter->handleRequest()
#4 /srv/webbmd/public/index.php(45): CodeIgniter\CodeIgniter->run()
#5 {main}
CRITICAL - 2022-04-21 10:22:06 --> file_put_contents(~/1991B-A-0253.jpg): failed to open stream: No such file or directory
#0 [internal function]: CodeIgniter\Debug\Exceptions->errorHandler()
#1 /srv/webbmd/app/Helpers/transcribe_helper.php(249): file_put_contents()
#2 /srv/webbmd/app/Controllers/Births.php(25): App\Controllers\transcribe_initialise_step1()
#3 /srv/webbmd/system/CodeIgniter.php(832): App\Controllers\Births->transcribe_births_step1()
#4 /srv/webbmd/system/CodeIgniter.php(419): CodeIgniter\CodeIgniter->runController()
#5 /srv/webbmd/system/CodeIgniter.php(326): CodeIgniter\CodeIgniter->handleRequest()
#6 /srv/webbmd/public/index.php(45): CodeIgniter\CodeIgniter->run()
#7 {main}
CRITICAL - 2022-04-21 11:05:49 --> syntax error, unexpected '~', expecting ')'
#0 /srv/webbmd/app/Controllers/Births.php(19): helper()
#1 /srv/webbmd/system/CodeIgniter.php(809): App\Controllers\Births->__construct()
#2 /srv/webbmd/system/CodeIgniter.php(410): CodeIgniter\CodeIgniter->createController()
#3 /srv/webbmd/system/CodeIgniter.php(326): CodeIgniter\CodeIgniter->handleRequest()
#4 /srv/webbmd/public/index.php(45): CodeIgniter\CodeIgniter->run()
#5 {main}
CRITICAL - 2022-04-21 22:42:05 --> Trying to access array offset on value of type null
#0 /srv/webbmd/app/Helpers/common_helper.php(130): CodeIgniter\Debug\Exceptions->errorHandler()
#1 /srv/webbmd/app/Controllers/Header.php(221): BMD_file_exists_on_FreeBMD()
#2 /srv/webbmd/system/CodeIgniter.php(832): App\Controllers\Header->create_BMD_step2()
#3 /srv/webbmd/system/CodeIgniter.php(419): CodeIgniter\CodeIgniter->runController()
#4 /srv/webbmd/system/CodeIgniter.php(326): CodeIgniter\CodeIgniter->handleRequest()
#5 /srv/webbmd/public/index.php(45): CodeIgniter\CodeIgniter->run()
#6 {main}
CRITICAL - 2022-04-21 23:04:40 --> syntax error, unexpected 'alt' (T_STRING)
#0 /srv/webbmd/system/View/View.php(213): CodeIgniter\View\View->CodeIgniter\View\{closure}()
#1 /srv/webbmd/system/Common.php(1089): CodeIgniter\View\View->render()
#2 /srv/webbmd/app/Helpers/transcribe_helper.php(266): view()
#3 /srv/webbmd/app/Controllers/Births.php(27): App\Controllers\transcribe_show_step1()
#4 /srv/webbmd/system/CodeIgniter.php(832): App\Controllers\Births->transcribe_births_step1()
#5 /srv/webbmd/system/CodeIgniter.php(419): CodeIgniter\CodeIgniter->runController()
#6 /srv/webbmd/system/CodeIgniter.php(326): CodeIgniter\CodeIgniter->handleRequest()
#7 /srv/webbmd/public/index.php(45): CodeIgniter\CodeIgniter->run()
#8 {main}
CRITICAL - 2022-04-21 23:05:23 --> syntax error, unexpected '/'
#0 /srv/webbmd/system/View/View.php(213): CodeIgniter\View\View->CodeIgniter\View\{closure}()
#1 /srv/webbmd/system/Common.php(1089): CodeIgniter\View\View->render()
#2 /srv/webbmd/app/Helpers/transcribe_helper.php(266): view()
#3 /srv/webbmd/app/Controllers/Births.php(27): App\Controllers\transcribe_show_step1()
#4 /srv/webbmd/system/CodeIgniter.php(832): App\Controllers\Births->transcribe_births_step1()
#5 /srv/webbmd/system/CodeIgniter.php(419): CodeIgniter\CodeIgniter->runController()
#6 /srv/webbmd/system/CodeIgniter.php(326): CodeIgniter\CodeIgniter->handleRequest()
#7 /srv/webbmd/public/index.php(45): CodeIgniter\CodeIgniter->run()
#8 {main}
