CRITICAL - 2022-06-14 00:40:42 --> Invalid argument supplied for foreach()
#0 /srv/webbmd/app/Views/linBMD2/header_BMD_reopen.php(13): CodeIgniter\Debug\Exceptions->errorHandler()
#1 /srv/webbmd/system/View/View.php(210): include('/srv/webbmd/app...')
#2 /srv/webbmd/system/View/View.php(213): CodeIgniter\View\View->CodeIgniter\View\{closure}()
#3 /srv/webbmd/system/Common.php(1089): CodeIgniter\View\View->render()
#4 /srv/webbmd/app/Controllers/Header.php(425): view()
#5 /srv/webbmd/system/CodeIgniter.php(832): App\Controllers\Header->reopen_BMD_step1()
#6 /srv/webbmd/system/CodeIgniter.php(419): CodeIgniter\CodeIgniter->runController()
#7 /srv/webbmd/system/CodeIgniter.php(326): CodeIgniter\CodeIgniter->handleRequest()
#8 /srv/webbmd/public/index.php(45): CodeIgniter\CodeIgniter->run()
#9 {main}
CRITICAL - 2022-06-14 03:38:44 --> Undefined variable: session
#0 /srv/webbmd/app/Views/templates/header.php(40): CodeIgniter\Debug\Exceptions->errorHandler()
#1 /srv/webbmd/system/View/View.php(210): include('/srv/webbmd/app...')
#2 /srv/webbmd/system/View/View.php(213): CodeIgniter\View\View->CodeIgniter\View\{closure}()
#3 /srv/webbmd/system/Common.php(1089): CodeIgniter\View\View->render()
#4 /srv/webbmd/app/Controllers/Identity.php(25): view()
#5 /srv/webbmd/system/CodeIgniter.php(832): App\Controllers\Identity->signin_step1()
#6 /srv/webbmd/system/CodeIgniter.php(419): CodeIgniter\CodeIgniter->runController()
#7 /srv/webbmd/system/CodeIgniter.php(326): CodeIgniter\CodeIgniter->handleRequest()
#8 /srv/webbmd/public/index.php(45): CodeIgniter\CodeIgniter->run()
#9 {main}
