CRITICAL - 2022-06-08 05:19:19 --> Cannot redeclare App\Controllers\Syndicate::manage_syndicates()
#0 [internal function]: CodeIgniter\Debug\Exceptions->shutdownHandler()
#1 {main}
CRITICAL - 2022-06-08 05:19:31 --> Cannot redeclare App\Controllers\Syndicate::manage_syndicates()
#0 [internal function]: CodeIgniter\Debug\Exceptions->shutdownHandler()
#1 {main}
CRITICAL - 2022-06-08 06:57:02 --> syntax error, unexpected '->' (T_OBJECT_OPERATOR)
#0 /srv/webbmd/system/Autoloader/Autoloader.php(241): CodeIgniter\Autoloader\Autoloader->includeFile()
#1 /srv/webbmd/system/Autoloader/Autoloader.php(219): CodeIgniter\Autoloader\Autoloader->loadInNamespace()
#2 [internal function]: CodeIgniter\Autoloader\Autoloader->loadClass()
#3 [internal function]: spl_autoload_call()
#4 /srv/webbmd/system/CodeIgniter.php(797): class_exists()
#5 /srv/webbmd/system/CodeIgniter.php(406): CodeIgniter\CodeIgniter->startController()
#6 /srv/webbmd/system/CodeIgniter.php(326): CodeIgniter\CodeIgniter->handleRequest()
#7 /srv/webbmd/public/index.php(45): CodeIgniter\CodeIgniter->run()
#8 {main}
CRITICAL - 2022-06-08 09:18:28 --> syntax error, unexpected ')'
#0 /srv/webbmd/system/Autoloader/Autoloader.php(241): CodeIgniter\Autoloader\Autoloader->includeFile()
#1 /srv/webbmd/system/Autoloader/Autoloader.php(219): CodeIgniter\Autoloader\Autoloader->loadInNamespace()
#2 [internal function]: CodeIgniter\Autoloader\Autoloader->loadClass()
#3 [internal function]: spl_autoload_call()
#4 /srv/webbmd/system/CodeIgniter.php(797): class_exists()
#5 /srv/webbmd/system/CodeIgniter.php(406): CodeIgniter\CodeIgniter->startController()
#6 /srv/webbmd/system/CodeIgniter.php(326): CodeIgniter\CodeIgniter->handleRequest()
#7 /srv/webbmd/public/index.php(45): CodeIgniter\CodeIgniter->run()
#8 {main}
CRITICAL - 2022-06-08 09:56:18 --> fopen(/srv/webbmd/public/Users/dreamstogo/BMD_files/1938B1C0212): failed to open stream: No such file or directory
#0 [internal function]: CodeIgniter\Debug\Exceptions->errorHandler()
#1 /srv/webbmd/app/Controllers/Header.php(506): fopen()
#2 /srv/webbmd/app/Controllers/Header.php(104): App\Controllers\Header->download_bmd_file()
#3 /srv/webbmd/system/CodeIgniter.php(832): App\Controllers\Header->create_BMD_step2()
#4 /srv/webbmd/system/CodeIgniter.php(419): CodeIgniter\CodeIgniter->runController()
#5 /srv/webbmd/system/CodeIgniter.php(326): CodeIgniter\CodeIgniter->handleRequest()
#6 /srv/webbmd/public/index.php(45): CodeIgniter\CodeIgniter->run()
#7 {main}
CRITICAL - 2022-06-08 10:13:16 --> fopen(/srv/webbmd/public/Users/dreamstogo/BMD_files/1938B1C0212): failed to open stream: No such file or directory
#0 [internal function]: CodeIgniter\Debug\Exceptions->errorHandler()
#1 /srv/webbmd/app/Controllers/Header.php(506): fopen()
#2 /srv/webbmd/app/Controllers/Header.php(104): App\Controllers\Header->download_bmd_file()
#3 /srv/webbmd/system/CodeIgniter.php(832): App\Controllers\Header->create_BMD_step2()
#4 /srv/webbmd/system/CodeIgniter.php(419): CodeIgniter\CodeIgniter->runController()
#5 /srv/webbmd/system/CodeIgniter.php(326): CodeIgniter\CodeIgniter->handleRequest()
#6 /srv/webbmd/public/index.php(45): CodeIgniter\CodeIgniter->run()
#7 {main}
CRITICAL - 2022-06-08 10:18:18 --> syntax error, unexpected ','
#0 /srv/webbmd/system/Autoloader/Autoloader.php(241): CodeIgniter\Autoloader\Autoloader->includeFile()
#1 /srv/webbmd/system/Autoloader/Autoloader.php(219): CodeIgniter\Autoloader\Autoloader->loadInNamespace()
#2 [internal function]: CodeIgniter\Autoloader\Autoloader->loadClass()
#3 [internal function]: spl_autoload_call()
#4 /srv/webbmd/system/CodeIgniter.php(797): class_exists()
#5 /srv/webbmd/system/CodeIgniter.php(406): CodeIgniter\CodeIgniter->startController()
#6 /srv/webbmd/system/CodeIgniter.php(326): CodeIgniter\CodeIgniter->handleRequest()
#7 /srv/webbmd/public/index.php(45): CodeIgniter\CodeIgniter->run()
#8 {main}
CRITICAL - 2022-06-08 11:43:40 --> Undefined variable: curl_url
#0 /srv/webbmd/app/Controllers/Transcribe.php(577): CodeIgniter\Debug\Exceptions->errorHandler()
#1 /srv/webbmd/system/CodeIgniter.php(832): App\Controllers\Transcribe->upload_BMD_file()
#2 /srv/webbmd/system/CodeIgniter.php(419): CodeIgniter\CodeIgniter->runController()
#3 /srv/webbmd/system/CodeIgniter.php(326): CodeIgniter\CodeIgniter->handleRequest()
#4 /srv/webbmd/public/index.php(45): CodeIgniter\CodeIgniter->run()
#5 {main}
