CRITICAL - 2022-06-23 08:55:22 --> Undefined offset: 0
#0 /srv/webbmd/app/Helpers/transcribe_helper.php(329): CodeIgniter\Debug\Exceptions->errorHandler()
#1 /srv/webbmd/app/Controllers/Marriages.php(36): App\Controllers\transcribe_initialise_step1()
#2 /srv/webbmd/system/CodeIgniter.php(832): App\Controllers\Marriages->transcribe_marriages_step1()
#3 /srv/webbmd/system/CodeIgniter.php(419): CodeIgniter\CodeIgniter->runController()
#4 /srv/webbmd/system/CodeIgniter.php(326): CodeIgniter\CodeIgniter->handleRequest()
#5 /srv/webbmd/public/index.php(45): CodeIgniter\CodeIgniter->run()
#6 {main}
CRITICAL - 2022-06-23 08:56:11 --> Undefined offset: 0
#0 /srv/webbmd/app/Helpers/transcribe_helper.php(329): CodeIgniter\Debug\Exceptions->errorHandler()
#1 /srv/webbmd/app/Controllers/Marriages.php(36): App\Controllers\transcribe_initialise_step1()
#2 /srv/webbmd/system/CodeIgniter.php(832): App\Controllers\Marriages->transcribe_marriages_step1()
#3 /srv/webbmd/system/CodeIgniter.php(419): CodeIgniter\CodeIgniter->runController()
#4 /srv/webbmd/system/CodeIgniter.php(326): CodeIgniter\CodeIgniter->handleRequest()
#5 /srv/webbmd/public/index.php(45): CodeIgniter\CodeIgniter->run()
#6 {main}
CRITICAL - 2022-06-23 08:57:41 --> Undefined offset: 0
#0 /srv/webbmd/app/Helpers/transcribe_helper.php(329): CodeIgniter\Debug\Exceptions->errorHandler()
#1 /srv/webbmd/app/Controllers/Births.php(36): App\Controllers\transcribe_initialise_step1()
#2 /srv/webbmd/system/CodeIgniter.php(832): App\Controllers\Births->transcribe_births_step1()
#3 /srv/webbmd/system/CodeIgniter.php(419): CodeIgniter\CodeIgniter->runController()
#4 /srv/webbmd/system/CodeIgniter.php(326): CodeIgniter\CodeIgniter->handleRequest()
#5 /srv/webbmd/public/index.php(45): CodeIgniter\CodeIgniter->run()
#6 {main}
CRITICAL - 2022-06-23 10:53:24 --> Invalid file: linBMD2/transcribe_marriages_show_details.php
#0 /srv/webbmd/system/View/View.php(198): CodeIgniter\Exceptions\FrameworkException::forInvalidFile()
#1 /srv/webbmd/system/Common.php(1089): CodeIgniter\View\View->render()
#2 /srv/webbmd/app/Controllers/Transcribe.php(113): view()
#3 /srv/webbmd/system/CodeIgniter.php(832): App\Controllers\Transcribe->transcribe_step1()
#4 /srv/webbmd/system/CodeIgniter.php(419): CodeIgniter\CodeIgniter->runController()
#5 /srv/webbmd/system/CodeIgniter.php(326): CodeIgniter\CodeIgniter->handleRequest()
#6 /srv/webbmd/public/index.php(45): CodeIgniter\CodeIgniter->run()
#7 {main}
