CRITICAL - 2022-06-26 21:00:43 --> Invalid file: linBMD2/transcribe.php
#0 /srv/webbmd/system/View/View.php(198): CodeIgniter\Exceptions\FrameworkException::forInvalidFile()
#1 /srv/webbmd/system/Common.php(1089): CodeIgniter\View\View->render()
#2 /srv/webbmd/app/Helpers/transcribe_helper.php(395): view()
#3 /srv/webbmd/app/Controllers/Marriages.php(38): App\Controllers\transcribe_show_step1()
#4 /srv/webbmd/system/CodeIgniter.php(832): App\Controllers\Marriages->transcribe_marriages_step1()
#5 /srv/webbmd/system/CodeIgniter.php(419): CodeIgniter\CodeIgniter->runController()
#6 /srv/webbmd/system/CodeIgniter.php(326): CodeIgniter\CodeIgniter->handleRequest()
#7 /srv/webbmd/public/index.php(45): CodeIgniter\CodeIgniter->run()
#8 {main}
CRITICAL - 2022-06-26 21:01:58 --> Invalid file: linBMD2/transcribe_details-show.php
#0 /srv/webbmd/system/View/View.php(198): CodeIgniter\Exceptions\FrameworkException::forInvalidFile()
#1 /srv/webbmd/system/Common.php(1089): CodeIgniter\View\View->render()
#2 /srv/webbmd/app/Helpers/transcribe_helper.php(395): view()
#3 /srv/webbmd/app/Controllers/Marriages.php(38): App\Controllers\transcribe_show_step1()
#4 /srv/webbmd/system/CodeIgniter.php(832): App\Controllers\Marriages->transcribe_marriages_step1()
#5 /srv/webbmd/system/CodeIgniter.php(419): CodeIgniter\CodeIgniter->runController()
#6 /srv/webbmd/system/CodeIgniter.php(326): CodeIgniter\CodeIgniter->handleRequest()
#7 /srv/webbmd/public/index.php(45): CodeIgniter\CodeIgniter->run()
#8 {main}
