CRITICAL - 2022-04-22 00:06:20 --> Undefined variable: o
#0 /srv/webbmd/app/Views/linBMD2/transcribe_image.php(7): CodeIgniter\Debug\Exceptions->errorHandler()
#1 /srv/webbmd/system/View/View.php(210): include('/srv/webbmd/app...')
#2 /srv/webbmd/system/View/View.php(213): CodeIgniter\View\View->CodeIgniter\View\{closure}()
#3 /srv/webbmd/system/Common.php(1089): CodeIgniter\View\View->render()
#4 /srv/webbmd/app/Helpers/transcribe_helper.php(266): view()
#5 /srv/webbmd/app/Controllers/Births.php(27): App\Controllers\transcribe_show_step1()
#6 /srv/webbmd/system/CodeIgniter.php(832): App\Controllers\Births->transcribe_births_step1()
#7 /srv/webbmd/system/CodeIgniter.php(419): CodeIgniter\CodeIgniter->runController()
#8 /srv/webbmd/system/CodeIgniter.php(326): CodeIgniter\CodeIgniter->handleRequest()
#9 /srv/webbmd/public/index.php(45): CodeIgniter\CodeIgniter->run()
#10 {main}
CRITICAL - 2022-04-22 00:22:31 --> shell_exec() expects exactly 1 parameter, 3 given
#0 [internal function]: CodeIgniter\Debug\Exceptions->errorHandler()
#1 /srv/webbmd/app/Views/linBMD2/transcribe_image.php(9): shell_exec()
#2 /srv/webbmd/system/View/View.php(210): include('/srv/webbmd/app...')
#3 /srv/webbmd/system/View/View.php(213): CodeIgniter\View\View->CodeIgniter\View\{closure}()
#4 /srv/webbmd/system/Common.php(1089): CodeIgniter\View\View->render()
#5 /srv/webbmd/app/Helpers/transcribe_helper.php(266): view()
#6 /srv/webbmd/app/Controllers/Births.php(27): App\Controllers\transcribe_show_step1()
#7 /srv/webbmd/system/CodeIgniter.php(832): App\Controllers\Births->transcribe_births_step1()
#8 /srv/webbmd/system/CodeIgniter.php(419): CodeIgniter\CodeIgniter->runController()
#9 /srv/webbmd/system/CodeIgniter.php(326): CodeIgniter\CodeIgniter->handleRequest()
#10 /srv/webbmd/public/index.php(45): CodeIgniter\CodeIgniter->run()
#11 {main}
CRITICAL - 2022-04-22 03:57:13 --> Trying to access array offset on value of type null
#0 /srv/webbmd/app/Controllers/Transcribe.php(463): CodeIgniter\Debug\Exceptions->errorHandler()
#1 /srv/webbmd/system/CodeIgniter.php(832): App\Controllers\Transcribe->upload_BMD_file()
#2 /srv/webbmd/system/CodeIgniter.php(419): CodeIgniter\CodeIgniter->runController()
#3 /srv/webbmd/system/CodeIgniter.php(326): CodeIgniter\CodeIgniter->handleRequest()
#4 /srv/webbmd/public/index.php(45): CodeIgniter\CodeIgniter->run()
#5 {main}
CRITICAL - 2022-04-22 03:57:26 --> syntax error, unexpected '$BMD_file' (T_VARIABLE)
#0 /srv/webbmd/system/Autoloader/Autoloader.php(241): CodeIgniter\Autoloader\Autoloader->includeFile()
#1 /srv/webbmd/system/Autoloader/Autoloader.php(219): CodeIgniter\Autoloader\Autoloader->loadInNamespace()
#2 [internal function]: CodeIgniter\Autoloader\Autoloader->loadClass()
#3 [internal function]: spl_autoload_call()
#4 /srv/webbmd/system/CodeIgniter.php(797): class_exists()
#5 /srv/webbmd/system/CodeIgniter.php(406): CodeIgniter\CodeIgniter->startController()
#6 /srv/webbmd/system/CodeIgniter.php(326): CodeIgniter\CodeIgniter->handleRequest()
#7 /srv/webbmd/public/index.php(45): CodeIgniter\CodeIgniter->run()
#8 {main}
CRITICAL - 2022-04-22 03:58:01 --> syntax error, unexpected ']', expecting ')'
#0 /srv/webbmd/system/Autoloader/Autoloader.php(241): CodeIgniter\Autoloader\Autoloader->includeFile()
#1 /srv/webbmd/system/Autoloader/Autoloader.php(219): CodeIgniter\Autoloader\Autoloader->loadInNamespace()
#2 [internal function]: CodeIgniter\Autoloader\Autoloader->loadClass()
#3 [internal function]: spl_autoload_call()
#4 /srv/webbmd/system/CodeIgniter.php(797): class_exists()
#5 /srv/webbmd/system/CodeIgniter.php(406): CodeIgniter\CodeIgniter->startController()
#6 /srv/webbmd/system/CodeIgniter.php(326): CodeIgniter\CodeIgniter->handleRequest()
#7 /srv/webbmd/public/index.php(45): CodeIgniter\CodeIgniter->run()
#8 {main}
CRITICAL - 2022-04-22 22:08:41 --> syntax error, unexpected ')'
#0 /srv/webbmd/system/View/View.php(213): CodeIgniter\View\View->CodeIgniter\View\{closure}()
#1 /srv/webbmd/system/Common.php(1089): CodeIgniter\View\View->render()
#2 /srv/webbmd/app/Controllers/Transcribe.php(111): view()
#3 /srv/webbmd/system/CodeIgniter.php(832): App\Controllers\Transcribe->transcribe_step1()
#4 /srv/webbmd/system/CodeIgniter.php(419): CodeIgniter\CodeIgniter->runController()
#5 /srv/webbmd/system/CodeIgniter.php(326): CodeIgniter\CodeIgniter->handleRequest()
#6 /srv/webbmd/public/index.php(45): CodeIgniter\CodeIgniter->run()
#7 {main}
