CRITICAL - 2023-02-06 04:13:22 --> syntax error, unexpected '.0' (T_DNUMBER), expecting ')'
#0 /srv/freeukgen/system/View/View.php(213): CodeIgniter\View\View->CodeIgniter\View\{closure}()
#1 /srv/freeukgen/system/Common.php(1089): CodeIgniter\View\View->render()
#2 /srv/freeukgen/app/Controllers/Home.php(68): view()
#3 /srv/freeukgen/system/CodeIgniter.php(832): App\Controllers\Home->index()
#4 /srv/freeukgen/system/CodeIgniter.php(419): CodeIgniter\CodeIgniter->runController()
#5 /srv/freeukgen/system/CodeIgniter.php(326): CodeIgniter\CodeIgniter->handleRequest()
#6 /srv/freeukgen/public/index.php(45): CodeIgniter\CodeIgniter->run()
#7 {main}
CRITICAL - 2023-02-06 04:27:54 --> syntax error, unexpected '>'
#0 /srv/freeukgen/system/Autoloader/Autoloader.php(241): CodeIgniter\Autoloader\Autoloader->includeFile()
#1 /srv/freeukgen/system/Autoloader/Autoloader.php(219): CodeIgniter\Autoloader\Autoloader->loadInNamespace()
#2 [internal function]: CodeIgniter\Autoloader\Autoloader->loadClass()
#3 [internal function]: spl_autoload_call()
#4 /srv/freeukgen/system/CodeIgniter.php(797): class_exists()
#5 /srv/freeukgen/system/CodeIgniter.php(406): CodeIgniter\CodeIgniter->startController()
#6 /srv/freeukgen/system/CodeIgniter.php(326): CodeIgniter\CodeIgniter->handleRequest()
#7 /srv/freeukgen/public/index.php(45): CodeIgniter\CodeIgniter->run()
#8 {main}
CRITICAL - 2023-02-06 04:28:26 --> syntax error, unexpected ')'
#0 /srv/freeukgen/system/Autoloader/Autoloader.php(241): CodeIgniter\Autoloader\Autoloader->includeFile()
#1 /srv/freeukgen/system/Autoloader/Autoloader.php(219): CodeIgniter\Autoloader\Autoloader->loadInNamespace()
#2 [internal function]: CodeIgniter\Autoloader\Autoloader->loadClass()
#3 [internal function]: spl_autoload_call()
#4 /srv/freeukgen/system/CodeIgniter.php(797): class_exists()
#5 /srv/freeukgen/system/CodeIgniter.php(406): CodeIgniter\CodeIgniter->startController()
#6 /srv/freeukgen/system/CodeIgniter.php(326): CodeIgniter\CodeIgniter->handleRequest()
#7 /srv/freeukgen/public/index.php(45): CodeIgniter\CodeIgniter->run()
#8 {main}
CRITICAL - 2023-02-06 04:35:09 --> Undefined index: project_pathtoicon
#0 /srv/freeukgen/app/Views/templates/header.php(90): CodeIgniter\Debug\Exceptions->errorHandler()
#1 /srv/freeukgen/system/View/View.php(210): include('/srv/freeukgen/...')
#2 /srv/freeukgen/system/View/View.php(213): CodeIgniter\View\View->CodeIgniter\View\{closure}()
#3 /srv/freeukgen/system/Common.php(1089): CodeIgniter\View\View->render()
#4 /srv/freeukgen/app/Controllers/Identity.php(42): view()
#5 /srv/freeukgen/system/CodeIgniter.php(832): App\Controllers\Identity->signin_step1()
#6 /srv/freeukgen/system/CodeIgniter.php(419): CodeIgniter\CodeIgniter->runController()
#7 /srv/freeukgen/system/CodeIgniter.php(326): CodeIgniter\CodeIgniter->handleRequest()
#8 /srv/freeukgen/public/index.php(45): CodeIgniter\CodeIgniter->run()
#9 {main}
CRITICAL - 2023-02-06 04:35:22 --> Undefined index: project_pathtoicon
#0 /srv/freeukgen/app/Views/templates/header.php(90): CodeIgniter\Debug\Exceptions->errorHandler()
#1 /srv/freeukgen/system/View/View.php(210): include('/srv/freeukgen/...')
#2 /srv/freeukgen/system/View/View.php(213): CodeIgniter\View\View->CodeIgniter\View\{closure}()
#3 /srv/freeukgen/system/Common.php(1089): CodeIgniter\View\View->render()
#4 /srv/freeukgen/app/Controllers/Identity.php(42): view()
#5 /srv/freeukgen/system/CodeIgniter.php(832): App\Controllers\Identity->signin_step1()
#6 /srv/freeukgen/system/CodeIgniter.php(419): CodeIgniter\CodeIgniter->runController()
#7 /srv/freeukgen/system/CodeIgniter.php(326): CodeIgniter\CodeIgniter->handleRequest()
#8 /srv/freeukgen/public/index.php(45): CodeIgniter\CodeIgniter->run()
#9 {main}
CRITICAL - 2023-02-06 04:37:40 --> Undefined index: project_pathtoicon
#0 /srv/freeukgen/app/Views/templates/header.php(90): CodeIgniter\Debug\Exceptions->errorHandler()
#1 /srv/freeukgen/system/View/View.php(210): include('/srv/freeukgen/...')
#2 /srv/freeukgen/system/View/View.php(213): CodeIgniter\View\View->CodeIgniter\View\{closure}()
#3 /srv/freeukgen/system/Common.php(1089): CodeIgniter\View\View->render()
#4 /srv/freeukgen/app/Controllers/Identity.php(42): view()
#5 /srv/freeukgen/system/CodeIgniter.php(832): App\Controllers\Identity->signin_step1()
#6 /srv/freeukgen/system/CodeIgniter.php(419): CodeIgniter\CodeIgniter->runController()
#7 /srv/freeukgen/system/CodeIgniter.php(326): CodeIgniter\CodeIgniter->handleRequest()
#8 /srv/freeukgen/public/index.php(45): CodeIgniter\CodeIgniter->run()
#9 {main}
CRITICAL - 2023-02-06 09:11:08 --> Use of undefined constant Icons - assumed 'Icons' (this will throw an Error in a future version of PHP)
#0 /srv/freeukgen/app/Views/templates/header.php(91): CodeIgniter\Debug\Exceptions->errorHandler()
#1 /srv/freeukgen/system/View/View.php(210): include('/srv/freeukgen/...')
#2 /srv/freeukgen/system/View/View.php(213): CodeIgniter\View\View->CodeIgniter\View\{closure}()
#3 /srv/freeukgen/system/Common.php(1089): CodeIgniter\View\View->render()
#4 /srv/freeukgen/app/Controllers/Identity.php(42): view()
#5 /srv/freeukgen/system/CodeIgniter.php(832): App\Controllers\Identity->signin_step1()
#6 /srv/freeukgen/system/CodeIgniter.php(419): CodeIgniter\CodeIgniter->runController()
#7 /srv/freeukgen/system/CodeIgniter.php(326): CodeIgniter\CodeIgniter->handleRequest()
#8 /srv/freeukgen/public/index.php(45): CodeIgniter\CodeIgniter->run()
#9 {main}
CRITICAL - 2023-02-06 09:36:48 --> syntax error, unexpected 'echo' (T_ECHO)
#0 /srv/freeukgen/system/View/View.php(213): CodeIgniter\View\View->CodeIgniter\View\{closure}()
#1 /srv/freeukgen/system/Common.php(1089): CodeIgniter\View\View->render()
#2 /srv/freeukgen/app/Controllers/Identity.php(42): view()
#3 /srv/freeukgen/system/CodeIgniter.php(832): App\Controllers\Identity->signin_step1()
#4 /srv/freeukgen/system/CodeIgniter.php(419): CodeIgniter\CodeIgniter->runController()
#5 /srv/freeukgen/system/CodeIgniter.php(326): CodeIgniter\CodeIgniter->handleRequest()
#6 /srv/freeukgen/public/index.php(45): CodeIgniter\CodeIgniter->run()
#7 {main}
CRITICAL - 2023-02-06 09:49:13 --> syntax error, unexpected 'alt' (T_STRING), expecting ';' or ','
#0 /srv/freeukgen/system/View/View.php(213): CodeIgniter\View\View->CodeIgniter\View\{closure}()
#1 /srv/freeukgen/system/Common.php(1089): CodeIgniter\View\View->render()
#2 /srv/freeukgen/app/Controllers/Identity.php(42): view()
#3 /srv/freeukgen/system/CodeIgniter.php(832): App\Controllers\Identity->signin_step1()
#4 /srv/freeukgen/system/CodeIgniter.php(419): CodeIgniter\CodeIgniter->runController()
#5 /srv/freeukgen/system/CodeIgniter.php(326): CodeIgniter\CodeIgniter->handleRequest()
#6 /srv/freeukgen/public/index.php(45): CodeIgniter\CodeIgniter->run()
#7 {main}
CRITICAL - 2023-02-06 09:56:59 --> syntax error, unexpected ';', expecting ')'
#0 /srv/freeukgen/system/View/View.php(213): CodeIgniter\View\View->CodeIgniter\View\{closure}()
#1 /srv/freeukgen/system/Common.php(1089): CodeIgniter\View\View->render()
#2 /srv/freeukgen/app/Controllers/Identity.php(42): view()
#3 /srv/freeukgen/system/CodeIgniter.php(832): App\Controllers\Identity->signin_step1()
#4 /srv/freeukgen/system/CodeIgniter.php(419): CodeIgniter\CodeIgniter->runController()
#5 /srv/freeukgen/system/CodeIgniter.php(326): CodeIgniter\CodeIgniter->handleRequest()
#6 /srv/freeukgen/public/index.php(45): CodeIgniter\CodeIgniter->run()
#7 {main}
CRITICAL - 2023-02-06 10:01:35 --> syntax error, unexpected 'echo' (T_ECHO)
#0 /srv/freeukgen/system/View/View.php(213): CodeIgniter\View\View->CodeIgniter\View\{closure}()
#1 /srv/freeukgen/system/Common.php(1089): CodeIgniter\View\View->render()
#2 /srv/freeukgen/app/Controllers/Identity.php(42): view()
#3 /srv/freeukgen/system/CodeIgniter.php(832): App\Controllers\Identity->signin_step1()
#4 /srv/freeukgen/system/CodeIgniter.php(419): CodeIgniter\CodeIgniter->runController()
#5 /srv/freeukgen/system/CodeIgniter.php(326): CodeIgniter\CodeIgniter->handleRequest()
#6 /srv/freeukgen/public/index.php(45): CodeIgniter\CodeIgniter->run()
#7 {main}
CRITICAL - 2023-02-06 10:25:43 --> syntax error, unexpected ')', expecting ';' or ','
#0 /srv/freeukgen/system/View/View.php(213): CodeIgniter\View\View->CodeIgniter\View\{closure}()
#1 /srv/freeukgen/system/Common.php(1089): CodeIgniter\View\View->render()
#2 /srv/freeukgen/app/Controllers/Identity.php(42): view()
#3 /srv/freeukgen/system/CodeIgniter.php(832): App\Controllers\Identity->signin_step1()
#4 /srv/freeukgen/system/CodeIgniter.php(419): CodeIgniter\CodeIgniter->runController()
#5 /srv/freeukgen/system/CodeIgniter.php(326): CodeIgniter\CodeIgniter->handleRequest()
#6 /srv/freeukgen/public/index.php(45): CodeIgniter\CodeIgniter->run()
#7 {main}
CRITICAL - 2023-02-06 10:46:09 --> Undefined index: project_pathtoicon
#0 /srv/freeukgen/app/Views/templates/header.php(92): CodeIgniter\Debug\Exceptions->errorHandler()
#1 /srv/freeukgen/system/View/View.php(210): include('/srv/freeukgen/...')
#2 /srv/freeukgen/system/View/View.php(213): CodeIgniter\View\View->CodeIgniter\View\{closure}()
#3 /srv/freeukgen/system/Common.php(1089): CodeIgniter\View\View->render()
#4 /srv/freeukgen/app/Controllers/Identity.php(42): view()
#5 /srv/freeukgen/system/CodeIgniter.php(832): App\Controllers\Identity->signin_step1()
#6 /srv/freeukgen/system/CodeIgniter.php(419): CodeIgniter\CodeIgniter->runController()
#7 /srv/freeukgen/system/CodeIgniter.php(326): CodeIgniter\CodeIgniter->handleRequest()
#8 /srv/freeukgen/public/index.php(45): CodeIgniter\CodeIgniter->run()
#9 {main}
CRITICAL - 2023-02-06 10:48:28 --> Undefined index: project_pathtoicon
#0 /srv/freeukgen/app/Views/templates/header.php(92): CodeIgniter\Debug\Exceptions->errorHandler()
#1 /srv/freeukgen/system/View/View.php(210): include('/srv/freeukgen/...')
#2 /srv/freeukgen/system/View/View.php(213): CodeIgniter\View\View->CodeIgniter\View\{closure}()
#3 /srv/freeukgen/system/Common.php(1089): CodeIgniter\View\View->render()
#4 /srv/freeukgen/app/Controllers/Identity.php(42): view()
#5 /srv/freeukgen/system/CodeIgniter.php(832): App\Controllers\Identity->signin_step1()
#6 /srv/freeukgen/system/CodeIgniter.php(419): CodeIgniter\CodeIgniter->runController()
#7 /srv/freeukgen/system/CodeIgniter.php(326): CodeIgniter\CodeIgniter->handleRequest()
#8 /srv/freeukgen/public/index.php(45): CodeIgniter\CodeIgniter->run()
#9 {main}
