CRITICAL - 2022-10-14 03:56:42 --> Trying to access array offset on value of type null
#0 /srv/webbmd/app/Controllers/Header.php(432): CodeIgniter\Debug\Exceptions->errorHandler()
#1 /srv/webbmd/system/CodeIgniter.php(832): App\Controllers\Header->create_BMD_step2()
#2 /srv/webbmd/system/CodeIgniter.php(419): CodeIgniter\CodeIgniter->runController()
#3 /srv/webbmd/system/CodeIgniter.php(326): CodeIgniter\CodeIgniter->handleRequest()
#4 /srv/webbmd/public/index.php(45): CodeIgniter\CodeIgniter->run()
#5 {main}
CRITICAL - 2022-10-14 03:59:31 --> Undefined offset: 0
#0 /srv/webbmd/app/Views/linBMD2/transcribe_enter_parameters.php(112): CodeIgniter\Debug\Exceptions->errorHandler()
#1 /srv/webbmd/system/View/View.php(210): include('/srv/webbmd/app...')
#2 /srv/webbmd/system/View/View.php(213): CodeIgniter\View\View->CodeIgniter\View\{closure}()
#3 /srv/webbmd/system/Common.php(1089): CodeIgniter\View\View->render()
#4 /srv/webbmd/app/Controllers/Transcribe.php(114): view()
#5 /srv/webbmd/system/CodeIgniter.php(832): App\Controllers\Transcribe->transcribe_step1()
#6 /srv/webbmd/system/CodeIgniter.php(419): CodeIgniter\CodeIgniter->runController()
#7 /srv/webbmd/system/CodeIgniter.php(326): CodeIgniter\CodeIgniter->handleRequest()
#8 /srv/webbmd/public/index.php(45): CodeIgniter\CodeIgniter->run()
#9 {main}
CRITICAL - 2022-10-14 04:20:06 --> Array to string conversion
#0 /srv/webbmd/app/Views/linBMD2/transcribe_details_enter.php(27): CodeIgniter\Debug\Exceptions->errorHandler()
#1 /srv/webbmd/system/View/View.php(210): include('/srv/webbmd/app...')
#2 /srv/webbmd/system/View/View.php(213): CodeIgniter\View\View->CodeIgniter\View\{closure}()
#3 /srv/webbmd/system/Common.php(1089): CodeIgniter\View\View->render()
#4 /srv/webbmd/app/Helpers/transcribe_helper.php(439): view()
#5 /srv/webbmd/app/Controllers/Deaths.php(38): App\Controllers\transcribe_show_step1()
#6 /srv/webbmd/system/CodeIgniter.php(832): App\Controllers\Deaths->transcribe_deaths_step1()
#7 /srv/webbmd/system/CodeIgniter.php(419): CodeIgniter\CodeIgniter->runController()
#8 /srv/webbmd/system/CodeIgniter.php(326): CodeIgniter\CodeIgniter->handleRequest()
#9 /srv/webbmd/public/index.php(45): CodeIgniter\CodeIgniter->run()
#10 {main}
CRITICAL - 2022-10-14 04:22:18 --> Undefined variable: table_details_model
#0 /srv/webbmd/app/Controllers/Header.php(450): CodeIgniter\Debug\Exceptions->errorHandler()
#1 /srv/webbmd/system/CodeIgniter.php(832): App\Controllers\Header->create_BMD_step2()
#2 /srv/webbmd/system/CodeIgniter.php(419): CodeIgniter\CodeIgniter->runController()
#3 /srv/webbmd/system/CodeIgniter.php(326): CodeIgniter\CodeIgniter->handleRequest()
#4 /srv/webbmd/public/index.php(45): CodeIgniter\CodeIgniter->run()
#5 {main}
ERROR - 2022-10-14 04:40:51 --> Unknown column 'BMD_controller' in 'where clause'
CRITICAL - 2022-10-14 04:40:51 --> Unknown column 'BMD_controller' in 'where clause'
#0 /srv/webbmd/system/Database/MySQLi/Connection.php(292): mysqli->query()
#1 /srv/webbmd/system/Database/BaseConnection.php(670): CodeIgniter\Database\MySQLi\Connection->execute()
#2 /srv/webbmd/system/Database/BaseConnection.php(598): CodeIgniter\Database\BaseConnection->simpleQuery()
#3 /srv/webbmd/system/Database/BaseBuilder.php(1455): CodeIgniter\Database\BaseConnection->query()
#4 /srv/webbmd/system/Model.php(145): CodeIgniter\Database\BaseBuilder->get()
#5 /srv/webbmd/system/BaseModel.php(523): CodeIgniter\Model->doFind()
#6 /srv/webbmd/app/Controllers/Header.php(454): CodeIgniter\BaseModel->find()
#7 /srv/webbmd/system/CodeIgniter.php(832): App\Controllers\Header->create_BMD_step2()
#8 /srv/webbmd/system/CodeIgniter.php(419): CodeIgniter\CodeIgniter->runController()
#9 /srv/webbmd/system/CodeIgniter.php(326): CodeIgniter\CodeIgniter->handleRequest()
#10 /srv/webbmd/public/index.php(45): CodeIgniter\CodeIgniter->run()
#11 {main}
