CRITICAL - 2022-05-20 01:15:32 --> Too few arguments to function App\Controllers\transcribe_validate_standard_tests(), 0 passed in /srv/webbmd/app/Helpers/transcribe_helper.php on line 382 and exactly 1 expected
#0 /srv/webbmd/app/Helpers/transcribe_helper.php(382): App\Controllers\transcribe_validate_standard_tests()
#1 /srv/webbmd/app/Controllers/Marriages.php(41): App\Controllers\transcribe_validate_transcribe_inputs()
#2 /srv/webbmd/system/CodeIgniter.php(832): App\Controllers\Marriages->transcribe_marriages_step2()
#3 /srv/webbmd/system/CodeIgniter.php(419): CodeIgniter\CodeIgniter->runController()
#4 /srv/webbmd/system/CodeIgniter.php(326): CodeIgniter\CodeIgniter->handleRequest()
#5 /srv/webbmd/public/index.php(45): CodeIgniter\CodeIgniter->run()
#6 {main}
CRITICAL - 2022-05-20 01:16:57 --> Undefined offset: 1
#0 /srv/webbmd/app/Helpers/transcribe_helper.php(851): CodeIgniter\Debug\Exceptions->errorHandler()
#1 /srv/webbmd/app/Controllers/Marriages.php(82): App\Controllers\transcribe_update()
#2 /srv/webbmd/system/CodeIgniter.php(832): App\Controllers\Marriages->transcribe_marriages_step2()
#3 /srv/webbmd/system/CodeIgniter.php(419): CodeIgniter\CodeIgniter->runController()
#4 /srv/webbmd/system/CodeIgniter.php(326): CodeIgniter\CodeIgniter->handleRequest()
#5 /srv/webbmd/public/index.php(45): CodeIgniter\CodeIgniter->run()
#6 {main}
CRITICAL - 2022-05-20 06:51:13 --> Undefined index: BMD_image_zoom
#0 /srv/webbmd/app/Controllers/Transcribe.php(719): CodeIgniter\Debug\Exceptions->errorHandler()
#1 /srv/webbmd/system/CodeIgniter.php(832): App\Controllers\Transcribe->verify_BMD_trans_step1()
#2 /srv/webbmd/system/CodeIgniter.php(419): CodeIgniter\CodeIgniter->runController()
#3 /srv/webbmd/system/CodeIgniter.php(326): CodeIgniter\CodeIgniter->handleRequest()
#4 /srv/webbmd/public/index.php(45): CodeIgniter\CodeIgniter->run()
#5 {main}
CRITICAL - 2022-05-20 06:55:38 --> shell_exec(): Cannot execute a blank command
#0 [internal function]: CodeIgniter\Debug\Exceptions->errorHandler()
#1 /srv/webbmd/app/Views/linBMD2/transcribe_verify_trans.php(6): shell_exec()
#2 /srv/webbmd/system/View/View.php(210): include('/srv/webbmd/app...')
#3 /srv/webbmd/system/View/View.php(213): CodeIgniter\View\View->CodeIgniter\View\{closure}()
#4 /srv/webbmd/system/Common.php(1089): CodeIgniter\View\View->render()
#5 /srv/webbmd/app/Controllers/Transcribe.php(94): view()
#6 /srv/webbmd/system/CodeIgniter.php(832): App\Controllers\Transcribe->transcribe_step1()
#7 /srv/webbmd/system/CodeIgniter.php(419): CodeIgniter\CodeIgniter->runController()
#8 /srv/webbmd/system/CodeIgniter.php(326): CodeIgniter\CodeIgniter->handleRequest()
#9 /srv/webbmd/public/index.php(45): CodeIgniter\CodeIgniter->run()
#10 {main}
CRITICAL - 2022-05-20 06:58:16 --> Undefined offset: 1
#0 /srv/webbmd/app/Helpers/transcribe_helper.php(795): CodeIgniter\Debug\Exceptions->errorHandler()
#1 /srv/webbmd/app/Controllers/Marriages.php(82): App\Controllers\transcribe_update()
#2 /srv/webbmd/system/CodeIgniter.php(832): App\Controllers\Marriages->transcribe_marriages_step2()
#3 /srv/webbmd/system/CodeIgniter.php(419): CodeIgniter\CodeIgniter->runController()
#4 /srv/webbmd/system/CodeIgniter.php(326): CodeIgniter\CodeIgniter->handleRequest()
#5 /srv/webbmd/public/index.php(45): CodeIgniter\CodeIgniter->run()
#6 {main}
CRITICAL - 2022-05-20 07:02:11 --> Undefined offset: 1
#0 /srv/webbmd/app/Helpers/transcribe_helper.php(707): CodeIgniter\Debug\Exceptions->errorHandler()
#1 /srv/webbmd/app/Controllers/Marriages.php(82): App\Controllers\transcribe_update()
#2 /srv/webbmd/system/CodeIgniter.php(832): App\Controllers\Marriages->transcribe_marriages_step2()
#3 /srv/webbmd/system/CodeIgniter.php(419): CodeIgniter\CodeIgniter->runController()
#4 /srv/webbmd/system/CodeIgniter.php(326): CodeIgniter\CodeIgniter->handleRequest()
#5 /srv/webbmd/public/index.php(45): CodeIgniter\CodeIgniter->run()
#6 {main}
CRITICAL - 2022-05-20 07:04:57 --> Undefined offset: 1
#0 /srv/webbmd/app/Helpers/transcribe_helper.php(707): CodeIgniter\Debug\Exceptions->errorHandler()
#1 /srv/webbmd/app/Controllers/Marriages.php(82): App\Controllers\transcribe_update()
#2 /srv/webbmd/system/CodeIgniter.php(832): App\Controllers\Marriages->transcribe_marriages_step2()
#3 /srv/webbmd/system/CodeIgniter.php(419): CodeIgniter\CodeIgniter->runController()
#4 /srv/webbmd/system/CodeIgniter.php(326): CodeIgniter\CodeIgniter->handleRequest()
#5 /srv/webbmd/public/index.php(45): CodeIgniter\CodeIgniter->run()
#6 {main}
CRITICAL - 2022-05-20 07:05:11 --> Undefined offset: 1
#0 /srv/webbmd/app/Helpers/transcribe_helper.php(707): CodeIgniter\Debug\Exceptions->errorHandler()
#1 /srv/webbmd/app/Controllers/Marriages.php(82): App\Controllers\transcribe_update()
#2 /srv/webbmd/system/CodeIgniter.php(832): App\Controllers\Marriages->transcribe_marriages_step2()
#3 /srv/webbmd/system/CodeIgniter.php(419): CodeIgniter\CodeIgniter->runController()
#4 /srv/webbmd/system/CodeIgniter.php(326): CodeIgniter\CodeIgniter->handleRequest()
#5 /srv/webbmd/public/index.php(45): CodeIgniter\CodeIgniter->run()
#6 {main}
CRITICAL - 2022-05-20 07:07:30 --> Undefined offset: 1
#0 /srv/webbmd/app/Helpers/transcribe_helper.php(707): CodeIgniter\Debug\Exceptions->errorHandler()
#1 /srv/webbmd/app/Controllers/Marriages.php(82): App\Controllers\transcribe_update()
#2 /srv/webbmd/system/CodeIgniter.php(832): App\Controllers\Marriages->transcribe_marriages_step2()
#3 /srv/webbmd/system/CodeIgniter.php(419): CodeIgniter\CodeIgniter->runController()
#4 /srv/webbmd/system/CodeIgniter.php(326): CodeIgniter\CodeIgniter->handleRequest()
#5 /srv/webbmd/public/index.php(45): CodeIgniter\CodeIgniter->run()
#6 {main}
CRITICAL - 2022-05-20 07:52:02 --> syntax error, unexpected ';', expecting ')'
#0 /srv/webbmd/app/Controllers/Marriages.php(19): helper()
#1 /srv/webbmd/system/CodeIgniter.php(809): App\Controllers\Marriages->__construct()
#2 /srv/webbmd/system/CodeIgniter.php(410): CodeIgniter\CodeIgniter->createController()
#3 /srv/webbmd/system/CodeIgniter.php(326): CodeIgniter\CodeIgniter->handleRequest()
#4 /srv/webbmd/public/index.php(45): CodeIgniter\CodeIgniter->run()
#5 {main}
CRITICAL - 2022-05-20 07:52:59 --> Undefined offset: 1
#0 /srv/webbmd/app/Helpers/transcribe_helper.php(708): CodeIgniter\Debug\Exceptions->errorHandler()
#1 /srv/webbmd/app/Controllers/Marriages.php(82): App\Controllers\transcribe_update()
#2 /srv/webbmd/system/CodeIgniter.php(832): App\Controllers\Marriages->transcribe_marriages_step2()
#3 /srv/webbmd/system/CodeIgniter.php(419): CodeIgniter\CodeIgniter->runController()
#4 /srv/webbmd/system/CodeIgniter.php(326): CodeIgniter\CodeIgniter->handleRequest()
#5 /srv/webbmd/public/index.php(45): CodeIgniter\CodeIgniter->run()
#6 {main}
CRITICAL - 2022-05-20 07:54:56 --> Undefined offset: 1
#0 /srv/webbmd/app/Helpers/transcribe_helper.php(708): CodeIgniter\Debug\Exceptions->errorHandler()
#1 /srv/webbmd/app/Controllers/Marriages.php(82): App\Controllers\transcribe_update()
#2 /srv/webbmd/system/CodeIgniter.php(832): App\Controllers\Marriages->transcribe_marriages_step2()
#3 /srv/webbmd/system/CodeIgniter.php(419): CodeIgniter\CodeIgniter->runController()
#4 /srv/webbmd/system/CodeIgniter.php(326): CodeIgniter\CodeIgniter->handleRequest()
#5 /srv/webbmd/public/index.php(45): CodeIgniter\CodeIgniter->run()
#6 {main}
CRITICAL - 2022-05-20 07:58:08 --> Undefined offset: 1
#0 /srv/webbmd/app/Helpers/transcribe_helper.php(709): CodeIgniter\Debug\Exceptions->errorHandler()
#1 /srv/webbmd/app/Controllers/Marriages.php(82): App\Controllers\transcribe_update()
#2 /srv/webbmd/system/CodeIgniter.php(832): App\Controllers\Marriages->transcribe_marriages_step2()
#3 /srv/webbmd/system/CodeIgniter.php(419): CodeIgniter\CodeIgniter->runController()
#4 /srv/webbmd/system/CodeIgniter.php(326): CodeIgniter\CodeIgniter->handleRequest()
#5 /srv/webbmd/public/index.php(45): CodeIgniter\CodeIgniter->run()
#6 {main}
CRITICAL - 2022-05-20 07:58:53 --> Undefined offset: 1
#0 /srv/webbmd/app/Helpers/transcribe_helper.php(709): CodeIgniter\Debug\Exceptions->errorHandler()
#1 /srv/webbmd/app/Controllers/Marriages.php(82): App\Controllers\transcribe_update()
#2 /srv/webbmd/system/CodeIgniter.php(832): App\Controllers\Marriages->transcribe_marriages_step2()
#3 /srv/webbmd/system/CodeIgniter.php(419): CodeIgniter\CodeIgniter->runController()
#4 /srv/webbmd/system/CodeIgniter.php(326): CodeIgniter\CodeIgniter->handleRequest()
#5 /srv/webbmd/public/index.php(45): CodeIgniter\CodeIgniter->run()
#6 {main}
CRITICAL - 2022-05-20 08:00:57 --> Undefined offset: 1
#0 /srv/webbmd/app/Helpers/transcribe_helper.php(709): CodeIgniter\Debug\Exceptions->errorHandler()
#1 /srv/webbmd/app/Controllers/Marriages.php(82): App\Controllers\transcribe_update()
#2 /srv/webbmd/system/CodeIgniter.php(832): App\Controllers\Marriages->transcribe_marriages_step2()
#3 /srv/webbmd/system/CodeIgniter.php(419): CodeIgniter\CodeIgniter->runController()
#4 /srv/webbmd/system/CodeIgniter.php(326): CodeIgniter\CodeIgniter->handleRequest()
#5 /srv/webbmd/public/index.php(45): CodeIgniter\CodeIgniter->run()
#6 {main}
CRITICAL - 2022-05-20 08:06:57 --> Undefined offset: 1
#0 /srv/webbmd/app/Helpers/transcribe_helper.php(709): CodeIgniter\Debug\Exceptions->errorHandler()
#1 /srv/webbmd/app/Controllers/Marriages.php(82): App\Controllers\transcribe_update()
#2 /srv/webbmd/system/CodeIgniter.php(832): App\Controllers\Marriages->transcribe_marriages_step2()
#3 /srv/webbmd/system/CodeIgniter.php(419): CodeIgniter\CodeIgniter->runController()
#4 /srv/webbmd/system/CodeIgniter.php(326): CodeIgniter\CodeIgniter->handleRequest()
#5 /srv/webbmd/public/index.php(45): CodeIgniter\CodeIgniter->run()
#6 {main}
CRITICAL - 2022-05-20 08:12:43 --> Undefined offset: 1
#0 /srv/webbmd/app/Helpers/transcribe_helper.php(709): CodeIgniter\Debug\Exceptions->errorHandler()
#1 /srv/webbmd/app/Controllers/Marriages.php(82): App\Controllers\transcribe_update()
#2 /srv/webbmd/system/CodeIgniter.php(832): App\Controllers\Marriages->transcribe_marriages_step2()
#3 /srv/webbmd/system/CodeIgniter.php(419): CodeIgniter\CodeIgniter->runController()
#4 /srv/webbmd/system/CodeIgniter.php(326): CodeIgniter\CodeIgniter->handleRequest()
#5 /srv/webbmd/public/index.php(45): CodeIgniter\CodeIgniter->run()
#6 {main}
CRITICAL - 2022-05-20 08:23:54 --> Call to undefined function App\Controllers\transcription_validate_reg_month()
#0 /srv/webbmd/app/Helpers/transcribe_helper.php(892): App\Controllers\transcribe_validate_registration_tests()
#1 /srv/webbmd/app/Helpers/transcribe_helper.php(388): App\Controllers\transcribe_validate_registration_select_tests()
#2 /srv/webbmd/app/Controllers/Marriages.php(41): App\Controllers\transcribe_validate_transcribe_inputs()
#3 /srv/webbmd/system/CodeIgniter.php(832): App\Controllers\Marriages->transcribe_marriages_step2()
#4 /srv/webbmd/system/CodeIgniter.php(419): CodeIgniter\CodeIgniter->runController()
#5 /srv/webbmd/system/CodeIgniter.php(326): CodeIgniter\CodeIgniter->handleRequest()
#6 /srv/webbmd/public/index.php(45): CodeIgniter\CodeIgniter->run()
#7 {main}
CRITICAL - 2022-05-20 08:27:14 --> Call to undefined function App\Controllers\transcription_validate_reg_year()
#0 /srv/webbmd/app/Helpers/transcribe_helper.php(892): App\Controllers\transcribe_validate_registration_tests()
#1 /srv/webbmd/app/Helpers/transcribe_helper.php(388): App\Controllers\transcribe_validate_registration_select_tests()
#2 /srv/webbmd/app/Controllers/Marriages.php(41): App\Controllers\transcribe_validate_transcribe_inputs()
#3 /srv/webbmd/system/CodeIgniter.php(832): App\Controllers\Marriages->transcribe_marriages_step2()
#4 /srv/webbmd/system/CodeIgniter.php(419): CodeIgniter\CodeIgniter->runController()
#5 /srv/webbmd/system/CodeIgniter.php(326): CodeIgniter\CodeIgniter->handleRequest()
#6 /srv/webbmd/public/index.php(45): CodeIgniter\CodeIgniter->run()
#7 {main}
CRITICAL - 2022-05-20 08:27:41 --> Call to undefined function App\Controllers\transcription_validate_reg_year()
#0 /srv/webbmd/app/Helpers/transcribe_helper.php(892): App\Controllers\transcribe_validate_registration_tests()
#1 /srv/webbmd/app/Helpers/transcribe_helper.php(388): App\Controllers\transcribe_validate_registration_select_tests()
#2 /srv/webbmd/app/Controllers/Marriages.php(41): App\Controllers\transcribe_validate_transcribe_inputs()
#3 /srv/webbmd/system/CodeIgniter.php(832): App\Controllers\Marriages->transcribe_marriages_step2()
#4 /srv/webbmd/system/CodeIgniter.php(419): CodeIgniter\CodeIgniter->runController()
#5 /srv/webbmd/system/CodeIgniter.php(326): CodeIgniter\CodeIgniter->handleRequest()
#6 /srv/webbmd/public/index.php(45): CodeIgniter\CodeIgniter->run()
#7 {main}
CRITICAL - 2022-05-20 08:27:54 --> Undefined variable: reg_year
#0 /srv/webbmd/app/Helpers/transcribe_helper.php(1020): CodeIgniter\Debug\Exceptions->errorHandler()
#1 /srv/webbmd/app/Helpers/transcribe_helper.php(927): App\Controllers\transcribe_validate_reg_year()
#2 /srv/webbmd/app/Helpers/transcribe_helper.php(892): App\Controllers\transcribe_validate_registration_tests()
#3 /srv/webbmd/app/Helpers/transcribe_helper.php(388): App\Controllers\transcribe_validate_registration_select_tests()
#4 /srv/webbmd/app/Controllers/Marriages.php(41): App\Controllers\transcribe_validate_transcribe_inputs()
#5 /srv/webbmd/system/CodeIgniter.php(832): App\Controllers\Marriages->transcribe_marriages_step2()
#6 /srv/webbmd/system/CodeIgniter.php(419): CodeIgniter\CodeIgniter->runController()
#7 /srv/webbmd/system/CodeIgniter.php(326): CodeIgniter\CodeIgniter->handleRequest()
#8 /srv/webbmd/public/index.php(45): CodeIgniter\CodeIgniter->run()
#9 {main}
CRITICAL - 2022-05-20 20:07:00 --> syntax error, unexpected end of file
#0 /srv/webbmd/app/Controllers/Home.php(11): helper()
#1 /srv/webbmd/system/CodeIgniter.php(809): App\Controllers\Home->__construct()
#2 /srv/webbmd/system/CodeIgniter.php(410): CodeIgniter\CodeIgniter->createController()
#3 /srv/webbmd/system/CodeIgniter.php(326): CodeIgniter\CodeIgniter->handleRequest()
#4 /srv/webbmd/public/index.php(45): CodeIgniter\CodeIgniter->run()
#5 {main}
CRITICAL - 2022-05-20 20:20:23 --> syntax error, unexpected '$curl_url' (T_VARIABLE)
#0 /srv/webbmd/app/Controllers/Home.php(11): helper()
#1 /srv/webbmd/system/CodeIgniter.php(809): App\Controllers\Home->__construct()
#2 /srv/webbmd/system/CodeIgniter.php(410): CodeIgniter\CodeIgniter->createController()
#3 /srv/webbmd/system/CodeIgniter.php(326): CodeIgniter\CodeIgniter->handleRequest()
#4 /srv/webbmd/public/index.php(45): CodeIgniter\CodeIgniter->run()
#5 {main}
CRITICAL - 2022-05-20 20:40:06 --> Trying to access array offset on value of type null
#0 /srv/webbmd/app/Helpers/backup_helper.php(8): CodeIgniter\Debug\Exceptions->errorHandler()
#1 /srv/webbmd/app/Controllers/Home.php(52): App\Controllers\database_backup()
#2 /srv/webbmd/system/CodeIgniter.php(832): App\Controllers\Home->signout()
#3 /srv/webbmd/system/CodeIgniter.php(419): CodeIgniter\CodeIgniter->runController()
#4 /srv/webbmd/system/CodeIgniter.php(326): CodeIgniter\CodeIgniter->handleRequest()
#5 /srv/webbmd/public/index.php(45): CodeIgniter\CodeIgniter->run()
#6 {main}
CRITICAL - 2022-05-20 20:55:06 --> syntax error, unexpected end of file, expecting case (T_CASE) or default (T_DEFAULT) or '}'
#0 /srv/webbmd/system/View/View.php(213): CodeIgniter\View\View->CodeIgniter\View\{closure}()
#1 /srv/webbmd/system/Common.php(1089): CodeIgniter\View\View->render()
#2 /srv/webbmd/app/Controllers/Identity.php(25): view()
#3 /srv/webbmd/system/CodeIgniter.php(832): App\Controllers\Identity->signin_step1()
#4 /srv/webbmd/system/CodeIgniter.php(419): CodeIgniter\CodeIgniter->runController()
#5 /srv/webbmd/system/CodeIgniter.php(326): CodeIgniter\CodeIgniter->handleRequest()
#6 /srv/webbmd/public/index.php(45): CodeIgniter\CodeIgniter->run()
#7 {main}
CRITICAL - 2022-05-20 21:14:07 --> syntax error, unexpected end of file, expecting case (T_CASE) or default (T_DEFAULT) or '}'
#0 /srv/webbmd/system/View/View.php(213): CodeIgniter\View\View->CodeIgniter\View\{closure}()
#1 /srv/webbmd/system/Common.php(1089): CodeIgniter\View\View->render()
#2 /srv/webbmd/app/Controllers/Identity.php(25): view()
#3 /srv/webbmd/system/CodeIgniter.php(832): App\Controllers\Identity->signin_step1()
#4 /srv/webbmd/system/CodeIgniter.php(419): CodeIgniter\CodeIgniter->runController()
#5 /srv/webbmd/system/CodeIgniter.php(326): CodeIgniter\CodeIgniter->handleRequest()
#6 /srv/webbmd/public/index.php(45): CodeIgniter\CodeIgniter->run()
#7 {main}
