CRITICAL - 2022-05-24 03:54:41 --> syntax error, unexpected ';', expecting ')'
#0 /srv/webbmd/app/Controllers/Transcribe.php(28): helper()
#1 /srv/webbmd/system/CodeIgniter.php(809): App\Controllers\Transcribe->__construct()
#2 /srv/webbmd/system/CodeIgniter.php(410): CodeIgniter\CodeIgniter->createController()
#3 /srv/webbmd/system/CodeIgniter.php(326): CodeIgniter\CodeIgniter->handleRequest()
#4 /srv/webbmd/public/index.php(45): CodeIgniter\CodeIgniter->run()
#5 {main}
CRITICAL - 2022-05-24 04:22:34 --> syntax error, unexpected ';', expecting ')'
#0 /srv/webbmd/app/Controllers/Transcribe.php(28): helper()
#1 /srv/webbmd/system/CodeIgniter.php(809): App\Controllers\Transcribe->__construct()
#2 /srv/webbmd/system/CodeIgniter.php(410): CodeIgniter\CodeIgniter->createController()
#3 /srv/webbmd/system/CodeIgniter.php(326): CodeIgniter\CodeIgniter->handleRequest()
#4 /srv/webbmd/public/index.php(45): CodeIgniter\CodeIgniter->run()
#5 {main}
CRITICAL - 2022-05-24 04:26:17 --> Call to undefined function App\Controllers\length()
#0 /srv/webbmd/app/Helpers/transcribe_helper.php(403): App\Controllers\transcribe_validate_standard_tests()
#1 /srv/webbmd/app/Controllers/Deaths.php(41): App\Controllers\transcribe_validate_transcribe_inputs()
#2 /srv/webbmd/system/CodeIgniter.php(832): App\Controllers\Deaths->transcribe_deaths_step2()
#3 /srv/webbmd/system/CodeIgniter.php(419): CodeIgniter\CodeIgniter->runController()
#4 /srv/webbmd/system/CodeIgniter.php(326): CodeIgniter\CodeIgniter->handleRequest()
#5 /srv/webbmd/public/index.php(45): CodeIgniter\CodeIgniter->run()
#6 {main}
CRITICAL - 2022-05-24 04:43:22 --> 'break' not in the 'loop' or 'switch' context
#0 [internal function]: CodeIgniter\Debug\Exceptions->shutdownHandler()
#1 {main}
